<?xml version="1.0" encoding="UTF-8"?>
<!-- Generated by org.testng.reporters.JUnitXMLReporter -->
<testsuite hostname="LAPTOP-NVQAJNIG" ignored="0" name="Test" tests="4" failures="2" timestamp="04 Jun 2021 20:10:42 GMT" time="0.044" errors="0">
  <testcase name="loginApplication" time="0.009" classname="TestNgPractice.TestOne">
    <failure type="java.lang.AssertionError" message="expected [13] but found [12]">
      <![CDATA[java.lang.AssertionError: expected [13] but found [12]
at TestNgPractice.TestOne.loginApplication(TestOne.java:13)
... Removed 31 stack frames]]>
    </failure>
  </testcase> <!-- loginApplication -->
  <testcase name="loginApplication" time="0.002" classname="TestNgPractice.TestOne">
    <failure type="java.lang.AssertionError" message="expected [13] but found [12]">
      <![CDATA[java.lang.AssertionError: expected [13] but found [12]
at TestNgPractice.TestOne.loginApplication(TestOne.java:13)
... Removed 31 stack frames]]>
    </failure>
  </testcase> <!-- loginApplication -->
  <testcase name="selected" time="0.001" classname="TestNgPractice.TestOne"/>
  <testcase name="checkbox" time="0.005" classname="TestNgPractice.TestOne"/>
</testsuite> <!-- Test -->
